00.021
00.021
00.050
00.013
00.020
00.019
00.058
00.084
00.011
00.019
00.015
00.033
00.011
00.024
00.020
00.022
00.037
00.019
00.018
00.009
00.045
00.032
00.034
00.022
00.043
00.011
00.019
00.080
00.022
00.042
00.043
00.022
00.009
00.011
00.023
00.093
00.076
00.040
00.021
00.024
00.020
00.136
00.066
00.018
00.045
00.016
00.022
00.029
00.040
00.022
00.038
00.022
00.042
00.218
00.048
00.013
00.082
00.106
00.010
00.011
00.022
00.015
00.015
00.019
00.124
00.107
00.015
00.061
00.015
00.018
00.023
00.020
00.023
00.012
00.099
00.086
00.125
