1381090961.79,169
1381090961.79,439
1381090961.79,688
1381090961.79,454
1381090961.79,258
1381090961.79,531
1381090961.79,715
1381090961.79,91
1381090961.79,750
1381090961.79,190
1381090961.79,566
1381090961.79,211
1381090961.79,239
1381090961.79,217
1381090961.79,744
1381090961.79,502
1381090961.79,79
1381090961.79,14
1381090961.79,790
1381090961.79,623
1381090961.79,209
1381090961.79,612
1381090961.79,960
1381090961.79,496
1381090961.79,974
1381090961.79,598
1381090961.79,845
1381090961.79,109
1381090961.79,907
1381090961.79,5
1381090961.79,156
1381090961.79,158
1381090961.79,564
1381090961.79,802
1381090961.79,645
1381090961.79,626
1381090961.79,341
1381090961.79,165
1381090961.79,168
1381090961.79,66
1381090961.79,405
1381090961.79,954
1381090961.79,177
1381090961.79,709
1381090961.79,50
1381090961.79,393
1381090961.79,611
1381090961.79,168
1381090961.79,133
1381090961.79,482
1381090961.79,74
1381090961.79,593
1381090961.79,571
1381090961.79,936
1381090961.79,238
1381090961.79,385
1381090961.79,664
1381090961.79,208
1381090961.79,584
1381090961.79,821
1381090961.79,729
1381090961.79,620
1381090961.79,572
1381090961.79,557
1381090961.79,650
1381090961.79,374
1381090961.79,462
1381090961.79,930
1381090961.79,338
1381090961.79,782
1381090961.79,753
1381090961.79,99
1381090961.79,164
1381090961.79,752
1381090961.79,611
1381090961.79,343
1381090961.79,679
1381090961.79,558
1381090961.79,612
1381090961.79,96
1381090961.79,581
1381090961.79,142
1381090961.79,872
1381090961.79,551
1381090961.79,106
1381090961.79,427
1381090961.79,875
1381090961.79,99
1381090961.79,382
1381090961.79,189
1381090961.79,278
1381090961.79,61
1381090961.79,105
1381090961.79,248
1381090961.79,950
1381090961.79,803
1381090961.79,860
1381090961.79,872
1381090961.79,89
1381090961.79,927
1381090961.79,561
1381090961.79,832
1381090961.79,233
1381090961.79,242
1381090961.79,727
1381090961.79,792
1381090961.79,490
1381090961.79,127
1381090961.79,656
1381090961.79,425
1381090961.79,611
1381090961.79,615
1381090961.79,221
1381090961.79,824
1381090961.79,250
1381090961.79,768
1381090961.79,328
1381090961.79,896
1381090961.79,200
1381090961.79,116
1381090961.79,874
1381090961.79,677
1381090961.79,585
1381090961.79,291
1381090961.79,953
1381090961.79,403
1381090961.79,249
1381090961.79,103
1381090961.79,267
1381090961.79,443
1381090961.79,560
1381090961.79,671
1381090961.79,802
1381090961.79,688
1381090961.79,747
1381090961.79,179
1381090961.79,37
1381090961.79,803
1381090961.79,912
1381090961.79,97
1381090961.79,200
1381090961.79,320
1381090961.79,498
1381090961.79,377
1381090961.79,258
1381090961.79,539
1381090961.79,471
1381090961.79,977
1381090961.79,592
1381090961.79,581
1381090961.79,842
1381090961.79,928
1381090961.79,70
1381090961.79,954
1381090961.79,52
1381090961.79,271
1381090961.79,238
1381090961.79,274
1381090961.79,649
1381090961.79,741
1381090961.79,273
1381090961.79,663
1381090961.79,45
1381090961.79,854
1381090961.79,796
1381090961.79,633
1381090961.79,809
1381090961.79,232
1381090961.79,394
1381090961.79,76
1381090961.79,126
1381090961.79,231
1381090961.79,490
1381090961.79,852
1381090961.79,488
1381090961.79,453
1381090961.79,189
1381090961.79,191
1381090961.79,98
1381090961.79,277
1381090961.79,489
1381090961.79,265
1381090961.79,628
1381090961.79,7
1381090961.79,429
1381090961.79,531
1381090961.79,716
1381090961.79,67
1381090961.79,463
1381090961.79,411
1381090961.79,181
1381090961.79,342
1381090961.79,188
1381090961.79,386
1381090961.79,526
1381090961.79,797
1381090961.79,803
1381090961.79,907
1381090961.79,308
1381090961.79,864
1381090961.79,496
1381090961.79,695
1381090961.79,441
1381090961.79,509
1381090961.79,319
1381090961.79,835
1381090961.79,627
1381090961.79,39
1381090961.79,531
1381090961.79,679
1381090961.79,587
1381090961.79,145
1381090961.79,645
1381090961.79,753
1381090961.79,802
1381090961.79,425
1381090961.79,99
1381090961.79,481
1381090961.79,385
1381090961.79,396
1381090961.79,532
1381090961.79,539
1381090961.79,226
1381090961.79,372
1381090961.79,620
1381090961.79,833
1381090961.79,246
1381090961.79,371
1381090961.79,771
1381090961.79,108
1381090961.79,130
1381090961.79,330
1381090961.79,83
1381090961.79,869
1381090961.79,41
1381090961.79,155
1381090961.79,789
1381090961.79,64
1381090961.79,417
1381090961.79,111
1381090961.79,127
1381090961.79,719
1381090961.79,568
1381090961.79,148
1381090961.79,781
1381090961.79,10
1381090961.79,187
1381090961.79,45
1381090961.79,671
1381090961.79,147
1381090961.79,959
1381090961.79,396
1381090961.79,331
1381090961.79,352
1381090961.79,598
1381090961.79,456
1381090961.79,563
1381090961.79,71
1381090961.79,861
1381090961.79,165
1381090961.79,83
1381090961.79,372
1381090961.79,434
1381090961.79,613
1381090961.79,529
1381090961.79,305
1381090961.79,365
1381090961.79,158
1381090961.79,340
1381090961.79,594
1381090961.79,773
1381090961.79,381
1381090961.79,602
1381090961.79,62
1381090961.79,668
1381090961.79,142
1381090961.79,251
1381090961.79,881
1381090961.79,123
1381090961.79,94
1381090961.79,753
1381090961.79,109
1381090961.79,695
1381090961.79,296
1381090961.79,941
1381090961.79,598
1381090961.79,794
1381090961.79,116
1381090961.79,150
1381090961.79,373
1381090961.79,281
1381090961.79,104
1381090961.79,24
1381090961.79,275
1381090961.79,533
1381090961.79,213
1381090961.79,295
1381090961.79,590
1381090961.79,46
1381090961.79,101
1381090961.79,10
1381090961.79,564
1381090961.79,327
1381090961.79,974
1381090961.79,176
1381090961.79,636
1381090961.79,118
1381090961.79,929
1381090961.79,242
1381090961.79,338
1381090961.79,713
1381090961.79,453
1381090961.79,244
1381090961.79,426
1381090961.79,685
1381090961.79,194
1381090961.79,203
1381090961.79,651
1381090961.79,526
1381090961.79,356
1381090961.79,201
1381090961.79,658
1381090961.79,475
1381090961.79,132
1381090961.79,778
1381090961.79,86
1381090961.79,355
1381090961.79,938
1381090961.79,519
1381090961.79,473
1381090961.79,523
1381090961.79,669
1381090961.79,907
1381090961.79,977
1381090961.79,110
1381090961.79,12
1381090961.79,540
1381090961.79,452
1381090961.79,29
1381090961.79,874
1381090961.79,213
1381090961.79,128
1381090961.79,800
1381090961.79,434
1381090961.79,522
1381090961.79,557
1381090961.79,609
1381090961.79,756
1381090961.79,588
1381090961.79,931
1381090961.79,286
1381090961.79,700
1381090961.79,201
1381090961.79,369
1381090961.79,56
1381090961.79,210
1381090961.79,14
1381090961.79,652
1381090961.79,403
1381090961.79,331
1381090961.79,4
1381090961.79,289
1381090961.79,55
1381090961.79,938
1381090961.79,46
1381090961.79,192
1381090961.79,580
1381090961.79,2
1381090961.79,23
1381090961.79,27
1381090961.79,695
1381090961.79,480
1381090961.79,176
1381090961.79,415
1381090961.79,380
1381090961.79,780
1381090961.79,377
1381090961.79,475
1381090961.79,258
1381090961.79,720
1381090961.79,398
1381090961.79,224
1381090961.79,305
1381090961.79,47
1381090961.79,392
1381090961.79,95
1381090961.79,203
1381090961.79,0
1381090961.79,532
1381090961.79,808
1381090961.79,235
1381090961.79,629
1381090961.79,638
1381090961.79,879
1381090961.79,290
1381090961.79,961
1381090961.79,521
1381090961.79,563
1381090961.79,802
1381090961.79,874
1381090961.79,268
1381090961.79,362
1381090961.79,147
1381090961.79,438
1381090961.79,254
1381090961.79,952
1381090961.79,903
1381090961.79,874
1381090961.79,880
1381090961.79,436
1381090961.79,581
1381090961.79,107
1381090961.79,1
1381090961.79,81
1381090961.79,361
1381090961.79,551
1381090961.79,840
1381090961.79,487
1381090961.79,197
1381090961.79,325
1381090961.79,327
1381090961.79,272
1381090961.79,786
1381090961.79,746
1381090961.79,821
1381090961.79,774
1381090961.79,22
1381090961.79,558
1381090961.79,913
1381090961.79,761
1381090961.79,775
1381090961.79,198
1381090961.79,821
1381090961.79,504
1381090961.79,567
1381090961.79,413
1381090961.79,282
1381090961.79,1
1381090961.79,145
1381090961.79,419
1381090961.79,339
1381090961.79,248
1381090961.79,629
1381090961.79,122
1381090961.79,703
1381090961.79,32
1381090961.79,71
1381090961.79,223
1381090961.79,337
1381090961.79,885
1381090961.79,488
1381090961.79,1
1381090961.79,520
1381090961.79,235
1381090961.79,766
1381090961.79,530
1381090961.79,621
1381090961.79,198
1381090961.79,583
1381090961.79,76
1381090961.79,197
1381090961.79,166
1381090961.79,675
1381090961.79,130
1381090961.79,721
1381090961.79,307
1381090961.79,272
1381090961.79,87
1381090961.79,55
1381090961.79,382
1381090961.79,726
1381090961.79,543
1381090961.79,738
1381090961.79,394
1381090961.79,219
1381090961.79,752
1381090961.79,937
1381090961.79,386
1381090961.79,607
1381090961.79,839
1381090961.79,396
1381090961.79,473
1381090961.79,642
1381090961.79,740
1381090961.79,380
1381090961.79,553
1381090961.79,366
1381090961.79,111
1381090961.79,649
1381090961.79,128
1381090961.79,650
1381090961.79,964
1381090961.79,848
1381090961.79,528
1381090961.79,95
1381090961.79,455
1381090961.79,905
1381090961.79,229
1381090961.79,388
1381090961.79,238
1381090961.79,961
1381090961.79,508
1381090961.79,512
1381090961.79,87
1381090961.79,186
1381090961.79,148
1381090961.79,919
1381090961.79,931
1381090961.79,179
1381090961.79,444
1381090961.79,91
1381090961.79,142
1381090961.79,470
1381090961.79,101
1381090961.79,303
1381090961.79,724
1381090961.79,66
1381090961.79,930
1381090961.79,488
1381090961.79,340
1381090961.79,502
1381090961.79,333
1381090961.79,668
1381090961.79,469
1381090961.79,957
1381090961.79,416
1381090961.79,246
1381090961.79,777
1381090961.79,866
1381090961.79,954
1381090961.79,100
1381090961.79,142
1381090961.79,843
1381090961.79,790
1381090961.79,175
1381090961.79,611
1381090961.79,600
1381090961.79,533
1381090961.79,483
1381090961.79,529
1381090961.79,389
1381090961.79,614
1381090961.79,287
1381090961.79,380
1381090961.79,751
1381090961.79,106
1381090961.79,933
1381090961.79,538
1381090961.79,457
1381090961.79,546
1381090961.79,187
1381090961.79,743
1381090961.79,471
1381090961.79,5
1381090961.79,791
1381090961.79,975
1381090961.79,130
1381090961.79,495
1381090961.79,6
1381090961.79,861
1381090961.79,889
1381090961.79,188
1381090961.79,420
1381090961.79,520
1381090961.79,152
1381090961.79,4
1381090961.79,176
1381090961.79,940
1381090961.79,565
1381090961.79,897
1381090961.79,502
1381090961.79,106
1381090961.79,221
1381090961.79,625
1381090961.79,919
1381090961.79,403
1381090961.79,758
1381090961.79,439
1381090961.79,539
1381090961.79,972
1381090961.79,333
1381090961.79,736
1381090961.79,265
1381090961.79,253
1381090961.79,891
1381090961.79,921
1381090961.79,349
1381090961.79,8
1381090961.79,159
1381090961.79,530
1381090961.79,235
1381090961.79,889
1381090961.79,654
1381090961.79,918
1381090961.79,926
1381090961.79,125
1381090961.79,368
1381090961.79,116
1381090961.79,793
1381090961.79,406
1381090961.79,490
1381090961.79,816
1381090961.79,739
1381090961.79,905
1381090961.79,552
1381090961.79,815
1381090961.79,71
1381090961.79,443
1381090961.79,362
1381090961.79,498
1381090961.79,120
1381090961.79,189
1381090961.79,430
1381090961.79,250
1381090961.79,182
1381090961.79,881
1381090961.79,499
1381090961.79,865
1381090961.79,561
1381090961.79,918
1381090961.79,687
1381090961.79,335
1381090961.79,459
1381090961.79,626
1381090961.79,952
1381090961.79,168
1381090961.79,504
1381090961.79,548
1381090961.79,158
1381090961.79,173
1381090961.79,610
1381090961.79,763
1381090961.79,409
1381090961.79,603
1381090961.79,558
1381090961.79,326
1381090961.79,28
1381090961.79,462
1381090961.79,233
1381090961.79,541
1381090961.79,860
1381090961.79,408
1381090961.79,404
1381090961.79,2
1381090961.79,288
1381090961.79,82
1381090961.79,57
1381090961.79,510
1381090961.79,884
1381090961.79,614
1381090961.79,523
1381090961.79,315
1381090961.79,220
1381090961.79,705
1381090961.79,506
1381090961.79,899
1381090961.79,294
1381090961.79,738
1381090961.79,962
1381090961.79,666
1381090961.79,848
1381090961.79,67
1381090961.79,560
1381090961.79,911
1381090961.79,740
1381090961.79,633
1381090961.79,93
1381090961.79,361
1381090961.79,103
1381090961.79,55
1381090961.79,185
1381090961.79,143
1381090961.79,250
1381090961.79,78
1381090961.79,255
1381090961.79,864
1381090961.79,698
1381090961.79,750
1381090961.79,34
1381090961.79,22
1381090961.79,204
1381090961.79,331
1381090961.79,745
1381090961.79,712
1381090961.79,279
1381090961.79,825
1381090961.79,939
1381090961.79,725
1381090961.79,180
1381090961.79,482
1381090961.79,773
1381090961.79,483
1381090961.79,43
1381090961.79,710
1381090961.79,503
1381090961.79,821
1381090961.79,408
1381090961.79,511
1381090961.79,900
1381090961.79,180
1381090961.79,162
1381090961.79,90
1381090961.79,119
1381090961.79,740
1381090961.79,478
1381090961.79,777
1381090961.79,864
1381090961.79,388
1381090961.79,519
1381090961.79,921
1381090961.79,358
1381090961.79,568
1381090961.79,840
1381090961.79,32
1381090961.79,908
1381090961.79,318
1381090961.79,784
1381090961.79,75
1381090961.79,831
1381090961.79,589
1381090961.79,903
1381090961.79,803
1381090961.79,485
1381090961.79,895
1381090961.79,392
1381090961.79,466
1381090961.79,231
1381090961.79,535
1381090961.79,575
1381090961.79,276
1381090961.79,797
1381090961.79,792
1381090961.79,932
1381090961.79,6
1381090961.79,863
1381090961.79,314
1381090961.79,763
1381090961.79,550
1381090961.79,521
1381090961.79,453
1381090961.79,538
1381090961.79,451
1381090961.79,166
1381090961.79,686
1381090961.79,427
1381090961.79,789
1381090961.79,467
1381090961.79,380
1381090961.79,177
1381090961.79,490
1381090961.79,462
1381090961.79,26
1381090961.79,400
1381090961.79,713
1381090961.79,181
1381090961.79,685
1381090961.79,355
1381090961.79,811
1381090961.79,774
1381090961.79,268
1381090961.79,473
1381090961.79,531
1381090961.79,0
1381090961.79,27
1381090961.79,60
1381090961.79,151
1381090961.79,212
1381090961.79,805
1381090961.79,279
1381090961.79,269
1381090961.79,339
1381090961.79,103
1381090961.79,2
1381090961.79,41
1381090961.79,16
1381090961.79,675
1381090961.79,487
1381090961.79,950
1381090961.79,869
1381090961.79,658
1381090961.79,968
1381090961.79,363
1381090961.79,823
1381090961.79,605
1381090961.79,571
1381090961.79,395
1381090961.79,281
1381090961.79,276
1381090961.79,902
1381090961.79,749
1381090961.79,653
1381090961.79,440
1381090961.79,778
1381090961.79,271
1381090961.79,471
1381090961.79,218
1381090961.79,504
1381090961.79,562
1381090961.79,964
1381090961.79,76
1381090961.79,968
1381090961.79,603
1381090961.79,360
1381090961.79,362
1381090961.79,0
1381090961.79,153
1381090961.79,514
1381090961.79,949
1381090961.79,209
1381090961.79,218
1381090961.79,799
1381090961.79,930
1381090961.79,451
1381090961.79,670
1381090961.79,888
1381090961.79,325
1381090961.79,423
1381090961.79,133
1381090961.79,515
1381090961.79,414
1381090961.79,63
1381090961.79,510
1381090961.79,164
1381090961.79,588
1381090961.79,432
1381090961.79,715
1381090961.79,927
1381090961.79,54
1381090961.79,918
1381090961.79,428
1381090961.79,500
1381090961.79,64
1381090961.79,377
1381090961.79,636
1381090961.79,63
1381090961.79,204
1381090961.79,3
1381090961.79,485
1381090961.79,807
1381090961.79,899
1381090961.79,289
1381090961.79,947
1381090961.79,195
1381090961.79,322
1381090961.79,585
1381090961.79,543
1381090961.79,390
1381090961.79,596
1381090961.79,95
1381090961.79,475
1381090961.79,15
1381090961.79,353
1381090961.79,652
1381090961.79,877
1381090961.79,256
1381090961.79,509
1381090961.79,695
1381090961.79,490
1381090961.79,397
1381090961.79,682
1381090961.79,826
1381090961.79,417
1381090961.79,462
1381090961.79,530
1381090961.79,470
1381090961.79,327
1381090961.79,98
1381090961.79,104
1381090961.79,713
1381090961.79,476
1381090961.79,339
1381090961.79,480
1381090961.79,493
1381090961.79,604
1381090961.79,75
1381090961.79,95
1381090961.79,783
1381090961.79,456
1381090961.79,610
1381090961.79,931
1381090961.79,379
1381090961.79,399
1381090961.79,464
1381090961.79,687
1381090961.79,182
1381090961.79,3
1381090961.79,544
1381090961.79,877
1381090961.79,604
1381090961.79,669
1381090961.79,233
1381090961.79,191
1381090961.79,919
1381090961.79,482
1381090961.79,177
1381090961.79,520
1381090961.79,514
1381090961.79,596
1381090961.79,750
1381090961.79,481
1381090961.79,203
1381090961.79,191
1381090961.79,175
1381090961.79,10
1381090961.79,270
1381090961.79,528
1381090961.79,863
1381090961.79,9
1381090961.79,12
1381090961.79,7
1381090961.79,527
1381090961.79,556
1381090961.79,290
1381090961.79,949
1381090961.79,85
1381090961.79,127
1381090961.79,686
1381090961.79,69
1381090961.79,592
1381090961.79,415
1381090961.79,359
1381090961.79,24
1381090961.79,905
1381090961.79,552
1381090961.79,710
1381090961.79,424
1381090961.79,544
1381090961.79,639
1381090961.79,13
1381090961.79,452
1381090961.79,745
1381090961.79,736
1381090961.79,651
1381090961.79,921
1381090961.79,106
1381090961.79,517
1381090961.79,915
1381090961.79,168
1381090961.79,670
1381090961.79,86
1381090961.79,391
1381090961.79,259
1381090961.79,698
1381090961.79,360
1381090961.79,480
1381090961.79,173
1381090961.79,421
1381090961.79,466
1381090961.79,566
1381090961.79,31
1381090961.79,202
1381090961.79,101
1381090961.79,63
1381090961.79,603
1381090961.79,266
1381090961.79,82
1381090961.79,550
1381090961.79,874
1381090961.79,59
1381090961.79,199
1381090961.79,949
1381090961.79,499
1381090961.79,201
1381090961.79,319
1381090961.79,591
1381090961.79,363
1381090961.79,300
1381090961.79,682
1381090961.79,461
1381090961.79,920
1381090961.79,785
1381090961.79,403
1381090961.79,917
1381090961.79,322
1381090961.79,396
1381090961.79,168
1381090961.79,12
1381090961.79,19
1381090961.79,34
1381090961.79,346
1381090961.79,372
1381090961.79,273
1381090961.79,148
1381090961.79,776
1381090961.79,525
1381090961.79,865
1381090961.79,546
1381090961.79,339
1381090961.79,862
1381090961.79,264
1381090961.79,601
1381090961.79,116
1381090961.79,21
1381090961.79,225
1381090961.79,207
1381090961.79,583
1381090961.79,814
1381090961.79,605
1381090961.79,792
1381090961.79,975
